<?xml version="1.0" encoding="UTF-8"?>
<!-- Generated by org.testng.reporters.JUnitReportReporter -->
<testsuite hostname="sumas-MacBook-Air.local" failures="0" tests="1" name="automation_google.NewTest" time="5.131" errors="0" timestamp="2020-10-17T16:07:47 IST" skipped="0">
  <testcase classname="automation_google.NewTest" name="googleopentest" time="5.131"/>
  <system-out/>
</testsuite> <!-- automation_google.NewTest -->
